<?xml version="1.0" encoding="UTF-8"?>
<!-- Generated by org.testng.reporters.JUnitReportReporter -->
<testsuite hostname="DESKTOP-GA2TU3I" name="restTest.ApiTest" tests="1" failures="0" timestamp="17 Aug 2019 15:05:56 GMT" time="4.270" errors="0">
  <testcase name="getTest" time="4.270" classname="restTest.ApiTest"/>
</testsuite> <!-- restTest.ApiTest -->
